<?xml version="1.0" encoding="utf-8"?>
<survey xmlns:xsi="http://www.w3.org/2001/XMLSchema-instance" xmlns:xsd="http://www.w3.org/2001/XMLSchema" GUID="cab239f7-e5c2-4597-b942-59f7fb82f212" CssFile="" Visible="true" GeoTypeTreeNodeExpanded="false" GeoCorrespondenceTreeNodeExpanded="false" name="CED2017" DisplayName="Población 2017" ProductTags="" DescriptionShort="" TwoCharUniqueSurveyTag="" publisher="" year="2017" CountryName="" DocLinksAsString="" Categories="Population;">
  <UseOptimizedDataRetrieval>false</UseOptimizedDataRetrieval>
  <Description><![CDATA[]]></Description>
  <Notes><![CDATA[]]></Notes>
  <PrivateNotes><![CDATA[]]></PrivateNotes>
  <Documentation Label="Documentation">
    <DocumentLinks />
  </Documentation>
  <geoTypes>
    <geoType MapDisplayScale="" GUID="11acbaf6-3acf-460a-9430-b4bc02d8fb63" SearchPriorityCode="" Name="SL010" Label="Nation" QLabel="Nation" AvailabilityNote="" SourceFilesInfo="" RelevantGeoIDs="FIPS,NAME,QName,NATION,PROVINCE,MUNICIPALITY,REGION" PluralName="Nation" fullCoverage="true" majorGeo="true" GeoAbrev="" Indent="0" Sumlev="010" FipsCodeLength="2" FipsCodeFieldName="FIPS" FipsCodePartialFieldName="NATION" FipsCodePartialLength="0" Notes="" DocSectionLinks="">
      <Visible>true</Visible>
    </geoType>
  </geoTypes>
  <GeoSurveyDataset GUID="c8782bef-6960-42d0-8924-cbadf71f0a62" DocLinksAsString="" SurveyDatasetTreeNodeExpanded="false" TablesTreeNodeExpanded="false" IterationsTreeNodeExpanded="false" DatasetsTreeNodeExpanded="false" description="" ProductTags="" Visible="false" abbreviation="Geo" source="" publisher="" name="Geography Summary File" DisplayName="Geography Summary File">
    <DataBibliographicInfo />
    <notes />
    <PrivateNotes><![CDATA[]]></PrivateNotes>
    <Description><![CDATA[]]></Description>
    <datasets>
      <dataset GUID="6bad3e2b-f1f6-4fd6-a442-3349a827fe4d" GeoTypeName="SL010" DbConnString="Server=prime; database=; uid=sewebsite3;pwd=granted128;Connect Timeout=1;Pooling=True" DbConnString2="" DbName="CED2017" GeoIdDbTableName="CED2017_SL010_001" IsCached="false" DbTableNamePrefix="CED2017_SL010_" DbPrimaryKey="SL010_FIPS" DbCopyCount="1" Notes="" UnavailableTables="" />
    </datasets>
    <iterations />
    <tables>
      <table GUID="dfb50ff8-77e4-4bab-990d-8a5124885066" VariablesAreExclusive="false" notes="" PrivateNotes="" TableMapInfo="" DollarYear="0" PercentBaseMin="1" name="G001" displayName="G1." title="Geography Identifiers" titleWrapped="Geography Identifiers" titleShort="" universe="none" Visible="false" VisibleInMaps="true" TreeNodeCollapsed="true" DocSectionLinks="" DataCategories="" ProductTags="" FilterRuleName="" CategoryPriorityOrder="0" PaletteType="" PaletteInverse="false" PaletteName="" ShowOnFirstPageOfCategoryListing="false" DbTableSuffix="001" uniqueTableId="G001" source="" DefaultColumnCaption="" samplingInfo="">
        <mVisibleInMaps>true</mVisibleInMaps>
        <OutputFormat TableTitle="" TableUniverse="">
          <Columns />
        </OutputFormat>
        <variable GUID="9baf99d3-7f6a-43ff-a29c-3a642e92d646" MTT="" MIBtext="" UVID="" PT="" PI="false" PN="" BracketSourceVarGUID="" BracketFromVal="0" BracketToVal="0" BracketType="None" FirstInBracketSet="false" notes="" PrivateNotes="" name="QNAME" label="Qualifying Name" qLabel="" indent="0" dataType="2" dataTypeLength="0" formatting="0" customFormatStr="" FormulaFunctionBodyCSharp="" suppType="0" SuppField="" suppFlags="" aggMethod="0" DocLinksAsString="" FR="" AggregationStr="None" BubbleSizeHint="1" />
        <variable GUID="290d79eb-8af4-4dc1-bcbe-6b7f24502396" MTT="" MIBtext="" UVID="" PT="" PI="false" PN="" BracketSourceVarGUID="" BracketFromVal="0" BracketToVal="0" BracketType="None" FirstInBracketSet="false" notes="" PrivateNotes="" name="NAME" label="Name of Area" qLabel="" indent="0" dataType="2" dataTypeLength="0" formatting="0" customFormatStr="" FormulaFunctionBodyCSharp="" suppType="0" SuppField="" suppFlags="" aggMethod="0" DocLinksAsString="" FR="" AggregationStr="None" BubbleSizeHint="1" />
        <variable GUID="9e93156f-8fca-4c91-a6e0-3161f0d79be2" MTT="" MIBtext="" UVID="" PT="" PI="false" PN="" BracketSourceVarGUID="" BracketFromVal="0" BracketToVal="0" BracketType="None" FirstInBracketSet="false" notes="" PrivateNotes="" name="FIPS" label="FIPS" qLabel="" indent="0" dataType="2" dataTypeLength="0" formatting="0" customFormatStr="" FormulaFunctionBodyCSharp="" suppType="0" SuppField="" suppFlags="" aggMethod="0" DocLinksAsString="" FR="" AggregationStr="None" BubbleSizeHint="1" />
        <variable GUID="00f9650d-9625-41ce-b4c2-fc6acb4ccf7e" MTT="" MIBtext="" UVID="" PT="" PI="false" PN="" BracketSourceVarGUID="" BracketFromVal="0" BracketToVal="0" BracketType="None" FirstInBracketSet="false" notes="" PrivateNotes="" name="NATION" label="Nation" qLabel="" indent="0" dataType="2" dataTypeLength="0" formatting="0" customFormatStr="" FormulaFunctionBodyCSharp="" suppType="0" SuppField="" suppFlags="" aggMethod="0" DocLinksAsString="" FR="" AggregationStr="None" BubbleSizeHint="1" />
      </table>
    </tables>
  </GeoSurveyDataset>
  <SurveyDatasets>
    <SurveyDataset GUID="d5982e3e-4a79-4128-a776-18f00e2b08b9" DocLinksAsString="" SurveyDatasetTreeNodeExpanded="true" TablesTreeNodeExpanded="true" IterationsTreeNodeExpanded="false" DatasetsTreeNodeExpanded="false" description="" ProductTags="" Visible="true" abbreviation="SE" source="" publisher="" name="Social Explorer Tables" DisplayName="Social Explorer Tables">
      <DataBibliographicInfo />
      <notes />
      <PrivateNotes><![CDATA[]]></PrivateNotes>
      <Description><![CDATA[]]></Description>
      <datasets>
        <dataset GUID="702895e8-0087-4645-bfd6-55bf8428c48c" GeoTypeName="SL010" DbConnString="Server=prime; database=; uid=sewebsite3;pwd=granted128;Connect Timeout=1;Pooling=True" DbConnString2="" DbName="CED2017" GeoIdDbTableName="CED2017_SL010_001" IsCached="false" DbTableNamePrefix="CED2017_SL010_" DbPrimaryKey="SL010_FIPS" DbCopyCount="1" Notes="" UnavailableTables="" />
      </datasets>
      <iterations />
      <tables>
        <table GUID="ac6841c2-de1a-4118-8b99-0586258c319b" VariablesAreExclusive="false" notes="" PrivateNotes="" TableMapInfo="" DollarYear="0" PercentBaseMin="0" name="T001" displayName="T001" title="Población" titleWrapped="" titleShort="" universe="" Visible="true" VisibleInMaps="true" TreeNodeCollapsed="true" DocSectionLinks="" DataCategories="Population;" ProductTags="" FilterRuleName="" CategoryPriorityOrder="0" PaletteType="" PaletteInverse="false" PaletteName="" ShowOnFirstPageOfCategoryListing="false" DbTableSuffix="" uniqueTableId="T001" source="" DefaultColumnCaption="" samplingInfo="">
        <table GUID="ac6841c2-de1a-4118-8b99-0586258c319b" VariablesAreExclusive="false" notes="" PrivateNotes="" TableMapInfo="" DollarYear="0" PercentBaseMin="0" name="T001" displayName="T001" title="Población Total - Vedad" titleWrapped="" titleShort="" universe="" Visible="true" VisibleInMaps="true" TreeNodeCollapsed="false" DocSectionLinks="" DataCategories="Population;" ProductTags="" FilterRuleName="" CategoryPriorityOrder="0" PaletteType="" PaletteInverse="false" PaletteName="" ShowOnFirstPageOfCategoryListing="false" DbTableSuffix="" uniqueTableId="T001" source="" DefaultColumnCaption="" samplingInfo="">
          <mVisibleInMaps>true</mVisibleInMaps>
          <OutputFormat TableTitle="" TableUniverse="">
            <Columns />
          </OutputFormat>
          <variable GUID="a2e21688-3f98-4a5a-a992-4b081cc066df" MTT="" MIBtext="" UVID="" PT="" PI="false" PN="" BracketSourceVarGUID="" BracketFromVal="0" BracketToVal="0" BracketType="None" FirstInBracketSet="false" notes="" PrivateNotes="" name="T001_001" label="Población Total" qLabel="Población Total" indent="0" dataType="4" dataTypeLength="0" formatting="9" customFormatStr="" FormulaFunctionBodyCSharp="#ReturnType oretval = new #ReturnType();&#xD;&#xA; oretval.Value = #ORG:CED2017_001_PT.Value;&#xD;&#xA;&#xD;&#xA; return oretval;" suppType="0" SuppField="" suppFlags="" aggMethod="1" DocLinksAsString="" FR="" AggregationStr="Add" BubbleSizeHint="2" />
        </table>
      </tables>
    </SurveyDataset>
    <SurveyDataset GUID="282d2db6-0354-481b-8095-fa79a1f5624a" DocLinksAsString="" SurveyDatasetTreeNodeExpanded="false" TablesTreeNodeExpanded="false" IterationsTreeNodeExpanded="false" DatasetsTreeNodeExpanded="false" description="" ProductTags="" Visible="true" abbreviation="ORG" source="" publisher="" name="Original Tables" DisplayName="Original Tables">
      <DataBibliographicInfo />
      <notes />
      <PrivateNotes><![CDATA[]]></PrivateNotes>
      <Description><![CDATA[]]></Description>
      <datasets>
        <dataset GUID="59fc52dd-67d7-42d2-83d3-2a1ce400ed1b" GeoTypeName="SL010" DbConnString="Server=prime; database=; uid=sewebsite3;pwd=granted128;Connect Timeout=1;Pooling=True" DbConnString2="" DbName="CED2017" GeoIdDbTableName="CED2017_SL010_001" IsCached="false" DbTableNamePrefix="CED2017_SL010_" DbPrimaryKey="SL010_FIPS" DbCopyCount="1" Notes="" UnavailableTables="" />
      </datasets>
      <iterations />
      <tables>
        <table GUID="5d7bb0e9-c9dc-4727-b8db-c69c37d956e5" VariablesAreExclusive="false" notes="" PrivateNotes="" TableMapInfo="" DollarYear="0" PercentBaseMin="1" name="CED2017_001" displayName="CED2017_001" title="CRS 2017 demographic data" titleWrapped="CRS 2017 demographic data" titleShort="" universe="none" Visible="true" VisibleInMaps="true" TreeNodeCollapsed="true" DocSectionLinks="" DataCategories="" ProductTags="" FilterRuleName="" CategoryPriorityOrder="0" PaletteType="" PaletteInverse="false" PaletteName="" ShowOnFirstPageOfCategoryListing="false" DbTableSuffix="001" uniqueTableId="CED2017_001" source="" DefaultColumnCaption="" samplingInfo="">
          <mVisibleInMaps>true</mVisibleInMaps>
          <OutputFormat TableTitle="" TableUniverse="">
            <Columns />
          </OutputFormat>
          <variable GUID="f990e495-acea-462d-8e3b-e37fd3f5656e" MTT="" MIBtext="" UVID="" PT="" PI="false" PN="" BracketSourceVarGUID="" BracketFromVal="0" BracketToVal="0" BracketType="None" FirstInBracketSet="false" notes="" PrivateNotes="" name="CED2017_001_PT" label="Total Population" qLabel="" indent="0" dataType="4" dataTypeLength="0" formatting="9" customFormatStr="" FormulaFunctionBodyCSharp="" suppType="0" SuppField="" suppFlags="" aggMethod="1" DocLinksAsString="" FR="" AggregationStr="Add" BubbleSizeHint="1" />
          <variable GUID="a4cfbd77-4e49-4cd9-a59d-9d23d22b7828" MTT="" MIBtext="" UVID="" PT="" PI="false" PN="" BracketSourceVarGUID="" BracketFromVal="0" BracketToVal="0" BracketType="None" FirstInBracketSet="false" notes="" PrivateNotes="" name="CED2017_001_e014" label="Population aged 0-14" qLabel="" indent="0" dataType="4" dataTypeLength="0" formatting="9" customFormatStr="" FormulaFunctionBodyCSharp="" suppType="0" SuppField="" suppFlags="" aggMethod="1" DocLinksAsString="" FR="" AggregationStr="Add" BubbleSizeHint="1" />
          <variable GUID="1f315e57-2b64-43c2-a0cb-5ec743350461" MTT="" MIBtext="" UVID="" PT="" PI="false" PN="" BracketSourceVarGUID="" BracketFromVal="0" BracketToVal="0" BracketType="None" FirstInBracketSet="false" notes="" PrivateNotes="" name="CED2017_001_e1564" label="Population aged 15-64" qLabel="" indent="0" dataType="4" dataTypeLength="0" formatting="9" customFormatStr="" FormulaFunctionBodyCSharp="" suppType="0" SuppField="" suppFlags="" aggMethod="1" DocLinksAsString="" FR="" AggregationStr="Add" BubbleSizeHint="1" />
          <variable GUID="e4dd89be-c198-40f2-8cfb-c156306bdd88" MTT="" MIBtext="" UVID="" PT="" PI="false" PN="" BracketSourceVarGUID="" BracketFromVal="0" BracketToVal="0" BracketType="None" FirstInBracketSet="false" notes="" PrivateNotes="" name="CED2017_001_e65" label="Population aged 65 and more" qLabel="" indent="0" dataType="4" dataTypeLength="0" formatting="9" customFormatStr="" FormulaFunctionBodyCSharp="" suppType="0" SuppField="" suppFlags="" aggMethod="1" DocLinksAsString="" FR="" AggregationStr="Add" BubbleSizeHint="1" />
          <variable GUID="b62e52cc-d02f-4a1b-a0ba-0ad1d9fad4ef" MTT="" MIBtext="" UVID="" PT="" PI="false" PN="" BracketSourceVarGUID="" BracketFromVal="0" BracketToVal="0" BracketType="None" FirstInBracketSet="false" notes="" PrivateNotes="" name="CED2017_001_IDI" label="Child Dependecy ratio" qLabel="" indent="0" dataType="7" dataTypeLength="0" formatting="9" customFormatStr="" FormulaFunctionBodyCSharp="" suppType="0" SuppField="" suppFlags="" aggMethod="1" DocLinksAsString="" FR="" AggregationStr="Add" BubbleSizeHint="1" />
          <variable GUID="db6aa7b2-4add-4b03-9c6f-bad998ac9b9d" MTT="" MIBtext="" UVID="" PT="" PI="false" PN="" BracketSourceVarGUID="" BracketFromVal="0" BracketToVal="0" BracketType="None" FirstInBracketSet="false" notes="" PrivateNotes="" name="CED2017_001_IDV" label="Elderly Dependency ratio" qLabel="" indent="0" dataType="7" dataTypeLength="0" formatting="9" customFormatStr="" FormulaFunctionBodyCSharp="" suppType="0" SuppField="" suppFlags="" aggMethod="1" DocLinksAsString="" FR="" AggregationStr="Add" BubbleSizeHint="1" />
          <variable GUID="46290fe7-ff35-45fb-b5b5-c4ea2eed8efe" MTT="" MIBtext="" UVID="" PT="" PI="false" PN="" BracketSourceVarGUID="" BracketFromVal="0" BracketToVal="0" BracketType="None" FirstInBracketSet="false" notes="" PrivateNotes="" name="CED2017_001_IDT" label="Total Dependency ratio" qLabel="" indent="0" dataType="7" dataTypeLength="0" formatting="9" customFormatStr="" FormulaFunctionBodyCSharp="" suppType="0" SuppField="" suppFlags="" aggMethod="1" DocLinksAsString="" FR="" AggregationStr="Add" BubbleSizeHint="1" />
          <variable GUID="4752bd48-d64d-49a6-a6c0-7b098e1b7108" MTT="" MIBtext="" UVID="" PT="" PI="false" PN="" BracketSourceVarGUID="" BracketFromVal="0" BracketToVal="0" BracketType="None" FirstInBracketSet="false" notes="" PrivateNotes="" name="CED2017_001_prope014" label="Population aged 0-14 (proportion)" qLabel="" indent="0" dataType="7" dataTypeLength="0" formatting="9" customFormatStr="" FormulaFunctionBodyCSharp="" suppType="0" SuppField="" suppFlags="" aggMethod="1" DocLinksAsString="" FR="" AggregationStr="Add" BubbleSizeHint="1" />
          <variable GUID="57f9017d-8f8b-4871-9b1b-18ed8272c4db" MTT="" MIBtext="" UVID="" PT="" PI="false" PN="" BracketSourceVarGUID="" BracketFromVal="0" BracketToVal="0" BracketType="None" FirstInBracketSet="false" notes="" PrivateNotes="" name="CED2017_001_prope1564" label="Population aged 15-64 (proportion)" qLabel="" indent="0" dataType="7" dataTypeLength="0" formatting="9" customFormatStr="" FormulaFunctionBodyCSharp="" suppType="0" SuppField="" suppFlags="" aggMethod="1" DocLinksAsString="" FR="" AggregationStr="Add" BubbleSizeHint="1" />
          <variable GUID="e5ea1937-8273-4fe0-91ba-79adaa93bd7e" MTT="" MIBtext="" UVID="" PT="" PI="false" PN="" BracketSourceVarGUID="" BracketFromVal="0" BracketToVal="0" BracketType="None" FirstInBracketSet="false" notes="" PrivateNotes="" name="CED2017_001_prope65" label="Population aged 65 and more (proportion)" qLabel="" indent="0" dataType="7" dataTypeLength="0" formatting="9" customFormatStr="" FormulaFunctionBodyCSharp="" suppType="0" SuppField="" suppFlags="" aggMethod="1" DocLinksAsString="" FR="" AggregationStr="Add" BubbleSizeHint="1" />
          <variable GUID="d2795604-dfd8-4496-a459-67101fb5f2f7" MTT="" MIBtext="" UVID="" PT="" PI="false" PN="" BracketSourceVarGUID="" BracketFromVal="0" BracketToVal="0" BracketType="None" FirstInBracketSet="false" notes="" PrivateNotes="" name="CED2017_001_ESP" label="Spanish-born population" qLabel="" indent="0" dataType="4" dataTypeLength="0" formatting="9" customFormatStr="" FormulaFunctionBodyCSharp="" suppType="0" SuppField="" suppFlags="" aggMethod="1" DocLinksAsString="" FR="" AggregationStr="Add" BubbleSizeHint="1" />
          <variable GUID="bacde458-ba02-49fd-8612-3edb2e471283" MTT="" MIBtext="" UVID="" PT="" PI="false" PN="" BracketSourceVarGUID="" BracketFromVal="0" BracketToVal="0" BracketType="None" FirstInBracketSet="false" notes="" PrivateNotes="" name="CED2017_001_EXT" label="Foreign-born population" qLabel="" indent="0" dataType="4" dataTypeLength="0" formatting="9" customFormatStr="" FormulaFunctionBodyCSharp="" suppType="0" SuppField="" suppFlags="" aggMethod="1" DocLinksAsString="" FR="" AggregationStr="Add" BubbleSizeHint="1" />
          <variable GUID="428ca0c1-ae8f-48f1-b5ae-eecd61261c86" MTT="" MIBtext="" UVID="" PT="" PI="false" PN="" BracketSourceVarGUID="" BracketFromVal="0" BracketToVal="0" BracketType="None" FirstInBracketSet="false" notes="" PrivateNotes="" name="CED2017_001_PROPESP" label="Spanish-born population (proportion)" qLabel="" indent="0" dataType="7" dataTypeLength="0" formatting="9" customFormatStr="" FormulaFunctionBodyCSharp="" suppType="0" SuppField="" suppFlags="" aggMethod="1" DocLinksAsString="" FR="" AggregationStr="Add" BubbleSizeHint="1" />
          <variable GUID="f90da076-b368-483b-abc7-84b2ee979d03" MTT="" MIBtext="" UVID="" PT="" PI="false" PN="" BracketSourceVarGUID="" BracketFromVal="0" BracketToVal="0" BracketType="None" FirstInBracketSet="false" notes="" PrivateNotes="" name="CED2017_001_PROPEXT" label="Foreign-born population (proportion)" qLabel="" indent="0" dataType="7" dataTypeLength="0" formatting="9" customFormatStr="" FormulaFunctionBodyCSharp="" suppType="0" SuppField="" suppFlags="" aggMethod="1" DocLinksAsString="" FR="" AggregationStr="Add" BubbleSizeHint="1" />
          <variable GUID="11ab3d2d-d2f2-483a-a26b-875fd917c3b0" MTT="" MIBtext="" UVID="" PT="" PI="false" PN="" BracketSourceVarGUID="" BracketFromVal="0" BracketToVal="0" BracketType="None" FirstInBracketSet="false" notes="" PrivateNotes="" name="CED2017_001_MEANAGE" label="Total Population mean age" qLabel="" indent="0" dataType="7" dataTypeLength="0" formatting="9" customFormatStr="" FormulaFunctionBodyCSharp="" suppType="0" SuppField="" suppFlags="" aggMethod="1" DocLinksAsString="" FR="" AggregationStr="Add" BubbleSizeHint="1" />
          <variable GUID="f8935a16-d170-46f2-87b4-ac88ff9276ad" MTT="" MIBtext="" UVID="" PT="" PI="false" PN="" BracketSourceVarGUID="" BracketFromVal="0" BracketToVal="0" BracketType="None" FirstInBracketSet="false" notes="" PrivateNotes="" name="CED2017_001_MALE" label="Total male population" qLabel="" indent="0" dataType="4" dataTypeLength="0" formatting="9" customFormatStr="" FormulaFunctionBodyCSharp="" suppType="0" SuppField="" suppFlags="" aggMethod="1" DocLinksAsString="" FR="" AggregationStr="Add" BubbleSizeHint="1" />
          <variable GUID="b29789ae-a6f2-421e-86d7-69f215d5e236" MTT="" MIBtext="" UVID="" PT="" PI="false" PN="" BracketSourceVarGUID="" BracketFromVal="0" BracketToVal="0" BracketType="None" FirstInBracketSet="false" notes="" PrivateNotes="" name="CED2017_001_FEMALE" label="Total female population" qLabel="" indent="0" dataType="4" dataTypeLength="0" formatting="9" customFormatStr="" FormulaFunctionBodyCSharp="" suppType="0" SuppField="" suppFlags="" aggMethod="1" DocLinksAsString="" FR="" AggregationStr="Add" BubbleSizeHint="1" />
          <variable GUID="c60c221c-6265-4b3b-99c3-3db233325204" MTT="" MIBtext="" UVID="" PT="" PI="false" PN="" BracketSourceVarGUID="" BracketFromVal="0" BracketToVal="0" BracketType="None" FirstInBracketSet="false" notes="" PrivateNotes="" name="CED2017_001_IM" label="Sex ratio (Male/Female)" qLabel="" indent="0" dataType="7" dataTypeLength="0" formatting="9" customFormatStr="" FormulaFunctionBodyCSharp="" suppType="0" SuppField="" suppFlags="" aggMethod="1" DocLinksAsString="" FR="" AggregationStr="Add" BubbleSizeHint="1" />
          <variable GUID="3f1c491b-a6f6-484d-96ca-8b278b8cb0ab" MTT="" MIBtext="" UVID="" PT="" PI="false" PN="" BracketSourceVarGUID="" BracketFromVal="0" BracketToVal="0" BracketType="None" FirstInBracketSet="false" notes="" PrivateNotes="" name="CED2017_001_PROPMALE" label="Total male population (proportion)" qLabel="" indent="0" dataType="7" dataTypeLength="0" formatting="9" customFormatStr="" FormulaFunctionBodyCSharp="" suppType="0" SuppField="" suppFlags="" aggMethod="1" DocLinksAsString="" FR="" AggregationStr="Add" BubbleSizeHint="1" />
          <variable GUID="27d01750-5b0e-4e7c-9216-969d0a1dd2d4" MTT="" MIBtext="" UVID="" PT="" PI="false" PN="" BracketSourceVarGUID="" BracketFromVal="0" BracketToVal="0" BracketType="None" FirstInBracketSet="false" notes="" PrivateNotes="" name="CED2017_001_PROPFEMALE" label="Total female population (proportion)" qLabel="" indent="0" dataType="7" dataTypeLength="0" formatting="9" customFormatStr="" FormulaFunctionBodyCSharp="" suppType="0" SuppField="" suppFlags="" aggMethod="1" DocLinksAsString="" FR="" AggregationStr="Add" BubbleSizeHint="1" />
        </table>
      </tables>
    </SurveyDataset>
  </SurveyDatasets>
  <Categories>
    <string>Population</string>
  </Categories>
</survey>